[debug] [2024-04-19T21:09:55.284Z] ----------------------------------------------------------------------
[debug] [2024-04-19T21:09:55.291Z] Command:       C:\Program Files\nodejs\node.exe C:\Users\BGLL\AppData\Roaming\npm\node_modules\firebase-tools\lib\bin\firebase.js deploy --only hosting
[debug] [2024-04-19T21:09:55.292Z] CLI Version:   13.7.3
[debug] [2024-04-19T21:09:55.292Z] Platform:      win32
[debug] [2024-04-19T21:09:55.292Z] Node Version:  v20.9.0
[debug] [2024-04-19T21:09:55.292Z] Time:          Fri Apr 19 2024 15:09:55 GMT-0600 (Central Standard Time)
[debug] [2024-04-19T21:09:55.292Z] ----------------------------------------------------------------------
[debug] 
[debug] [2024-04-19T21:09:55.310Z] >>> [apiv2][query] GET https://firebase-public.firebaseio.com/cli.json [none]
[debug] [2024-04-19T21:09:55.447Z] > command requires scopes: ["email","openid","https://www.googleapis.com/auth/cloudplatformprojects.readonly","https://www.googleapis.com/auth/firebase","https://www.googleapis.com/auth/cloud-platform"]
[debug] [2024-04-19T21:09:55.447Z] > authorizing via signed-in user (bgllict@gmail.com)
[debug] [2024-04-19T21:09:55.447Z] [iam] checking project bgll-update-portal-35881 for permissions ["firebase.projects.get","firebasehosting.sites.update"]
[debug] [2024-04-19T21:09:55.448Z] > refreshing access token with scopes: []
[debug] [2024-04-19T21:09:55.448Z] >>> [apiv2][query] POST https://www.googleapis.com/oauth2/v3/token [none]
[debug] [2024-04-19T21:09:55.448Z] >>> [apiv2][body] POST https://www.googleapis.com/oauth2/v3/token [omitted]
[debug] [2024-04-19T21:09:55.727Z] <<< [apiv2][status] GET https://firebase-public.firebaseio.com/cli.json 200
[debug] [2024-04-19T21:09:55.728Z] <<< [apiv2][body] GET https://firebase-public.firebaseio.com/cli.json {"cloudBuildErrorAfter":1594252800000,"cloudBuildWarnAfter":1590019200000,"defaultNode10After":1594252800000,"minVersion":"3.0.5","node8DeploysDisabledAfter":1613390400000,"node8RuntimeDisabledAfter":1615809600000,"node8WarnAfter":1600128000000}
[debug] [2024-04-19T21:09:55.817Z] <<< [apiv2][status] POST https://www.googleapis.com/oauth2/v3/token 200
[debug] [2024-04-19T21:09:55.817Z] <<< [apiv2][body] POST https://www.googleapis.com/oauth2/v3/token [omitted]
[debug] [2024-04-19T21:09:55.826Z] >>> [apiv2][query] POST https://cloudresourcemanager.googleapis.com/v1/projects/bgll-update-portal-35881:testIamPermissions [none]
[debug] [2024-04-19T21:09:55.826Z] >>> [apiv2][(partial)header] POST https://cloudresourcemanager.googleapis.com/v1/projects/bgll-update-portal-35881:testIamPermissions x-goog-quota-user=projects/bgll-update-portal-35881
[debug] [2024-04-19T21:09:55.826Z] >>> [apiv2][body] POST https://cloudresourcemanager.googleapis.com/v1/projects/bgll-update-portal-35881:testIamPermissions {"permissions":["firebase.projects.get","firebasehosting.sites.update"]}
[debug] [2024-04-19T21:09:56.574Z] <<< [apiv2][status] POST https://cloudresourcemanager.googleapis.com/v1/projects/bgll-update-portal-35881:testIamPermissions 200
[debug] [2024-04-19T21:09:56.574Z] <<< [apiv2][body] POST https://cloudresourcemanager.googleapis.com/v1/projects/bgll-update-portal-35881:testIamPermissions {"permissions":["firebase.projects.get","firebasehosting.sites.update"]}
[debug] [2024-04-19T21:09:56.575Z] >>> [apiv2][query] GET https://firebase.googleapis.com/v1beta1/projects/bgll-update-portal-35881 [none]
[debug] [2024-04-19T21:09:57.044Z] <<< [apiv2][status] GET https://firebase.googleapis.com/v1beta1/projects/bgll-update-portal-35881 200
[debug] [2024-04-19T21:09:57.044Z] <<< [apiv2][body] GET https://firebase.googleapis.com/v1beta1/projects/bgll-update-portal-35881 {"projectId":"bgll-update-portal-35881","projectNumber":"830618333350","displayName":"BGLL-Update-Portal","name":"projects/bgll-update-portal-35881","resources":{"hostingSite":"bgll-update-portal-35881","storageBucket":"bgll-update-portal-35881.appspot.com","locationId":"us-central"},"state":"ACTIVE","etag":"1_68fd8d40-2bf9-4e53-91f0-5a66da12dda9"}
[info] 
[info] === Deploying to 'bgll-update-portal-35881'...
[info] 
[info] i  deploying hosting 
[debug] [2024-04-19T21:09:57.050Z] >>> [apiv2][query] POST https://firebasehosting.googleapis.com/v1beta1/projects/-/sites/bgll-update-portal-35881/versions [none]
[debug] [2024-04-19T21:09:57.050Z] >>> [apiv2][body] POST https://firebasehosting.googleapis.com/v1beta1/projects/-/sites/bgll-update-portal-35881/versions {"status":"CREATED","labels":{"deployment-tool":"cli-firebase"}}
[debug] [2024-04-19T21:09:58.133Z] <<< [apiv2][status] POST https://firebasehosting.googleapis.com/v1beta1/projects/-/sites/bgll-update-portal-35881/versions 200
[debug] [2024-04-19T21:09:58.133Z] <<< [apiv2][body] POST https://firebasehosting.googleapis.com/v1beta1/projects/-/sites/bgll-update-portal-35881/versions {"name":"projects/830618333350/sites/bgll-update-portal-35881/versions/f2a6a6720ec747a0","status":"CREATED","config":{},"labels":{"deployment-tool":"cli-firebase"}}
[info] i  hosting[bgll-update-portal-35881]: beginning deploy... 
[info] i  hosting[bgll-update-portal-35881]: found 16 files in dist\bgll-update-portal\browser 
[debug] [2024-04-19T21:09:58.146Z] [hosting] uploading with 200 concurrency
[debug] [2024-04-19T21:09:58.211Z] [hosting] hash cache [ZGlzdFxiZ2xsLXVwZGF0ZS1wb3J0YWxcYnJvd3Nlcg] stored for 16 files
[debug] [2024-04-19T21:09:58.211Z] [hosting][hash queue][FINAL] {"max":55,"min":0,"avg":10.5,"active":0,"complete":16,"success":16,"errored":0,"retried":0,"total":16,"elapsed":62}
[debug] [2024-04-19T21:09:58.212Z] >>> [apiv2][query] POST https://firebasehosting.googleapis.com/v1beta1/projects/830618333350/sites/bgll-update-portal-35881/versions/f2a6a6720ec747a0:populateFiles [none]
[debug] [2024-04-19T21:09:58.212Z] >>> [apiv2][body] POST https://firebasehosting.googleapis.com/v1beta1/projects/830618333350/sites/bgll-update-portal-35881/versions/f2a6a6720ec747a0:populateFiles {"files":{"/favicon.ico":"ad252f5f7ac66c75e668899eaf8b50f0d53eb9f6c8f2f0a9dcfbba641c6fcb09","/assets/agent.svg":"72c49e298a100d5f59c55a5e46ad18078bb7b092766a82181a924e84d69b9ebc","/assets/boledo.svg":"1a3f7a54f78e1810d426b8a344a51fc8bc539362b275030e4ec3cfae4ef0bee6","/assets/broken-link.svg":"62534a4e4cf1e23e23bc7e7f7df7f5ea07dd8bc0146d98b7d17e4bd7697072f6","/assets/jackpot.svg":"d47a9ff3bb61a6b97c027c4ab99176996a4ae8a9899eee89233b80b249654ea4","/assets/logo.png":"0c77f0d25a7ac93508fbaa87b3fb73791de7888ef78dec5d5f67725ae94f7e04","/assets/lottery.svg":"4b68fe574a0e27eed1c940f4f3b426f0822f4ceaf3b90e97e369c1b445fe5c2a","/chunk-CWXK5Q6J.js":"4113665fdae99392af5d073344469be1870247528c1a7507f700b3cf52cfed55","/chunk-CQCHLVVT.js":"cbd4037ae79f682110ffde379cdc942cf2a2af0a354a6a264c5fb1a41591e8be","/polyfills-RT5I6R6G.js":"2c7ad310fba0b9f2d10f8ed042fdcc799fc415e2aa9421113d914a2b094b8e18","/index.html":"fe0e6f6343409697cf175f406b172e9f538f30fa4c505cafb3d771f0a8c88c41","/chunk-CW2KN4EI.js":"1057725b85916de8eef0865c97a9e619ac86d244fad374b8a2bc5a3218eb239b","/chunk-YJ6XRBM4.js":"a5cf822276a822c721e8fff141c5e92123286ac3b171c416a4db11a7efd3ee42","/chunk-KL4KKS4Q.js":"4797e0d264bdeca257d505796543a7c9622d9c5ba465a46ede41fb930c052474","/styles-AKRFMQ6O.css":"0daf7a2a6ef3fa913d3df644a5c03d2dc4a0323a87548b19dcded9865b8d20ec","/main-IPQCRC6H.js":"73af40d2352ba7c21c32d109f4762d86d0200e0406c0b177f23a0b400fffe22d"}}
